<?xml version="1.0" encoding="UTF-8"?>
<testng-results skipped="0" failed="0" ignored="0" total="1" passed="1">
  <reporter-output>
  </reporter-output>
  <suite name="Default suite" duration-ms="34762" started-at="2020-03-26T05:04:06Z" finished-at="2020-03-26T05:04:41Z">
    <groups>
    </groups>
    <test name="Default test" duration-ms="34762" started-at="2020-03-26T05:04:06Z" finished-at="2020-03-26T05:04:41Z">
      <class name="com.google.tests.GoogleSearchTC1">
        <test-method status="PASS" signature="TC01()[pri:0, instance:com.google.tests.GoogleSearchTC1@6cc4c815]" name="TC01" duration-ms="34690" started-at="2020-03-26T10:34:06Z" finished-at="2020-03-26T10:34:41Z">
          <reporter-output>
          </reporter-output>
        </test-method> <!-- TC01 -->
      </class> <!-- com.google.tests.GoogleSearchTC1 -->
    </test> <!-- Default test -->
  </suite> <!-- Default suite -->
</testng-results>
